  [1m[36m (1.7ms)[0m  [1mCREATE TABLE "schema_migrations" ("version" varchar NOT NULL) [0m
  [1m[35m (0.1ms)[0m  select sqlite_version(*)
  [1m[36m (1.6ms)[0m  [1mCREATE UNIQUE INDEX "unique_schema_migrations" ON "schema_migrations" ("version")[0m
  [1m[35mActiveRecord::SchemaMigration Load (0.1ms)[0m  SELECT "schema_migrations".* FROM "schema_migrations"


Started GET "/" for ::1 at 2015-11-17 17:47:54 -0600
Processing by Rails::WelcomeController#index as HTML
  Rendered /Users/admin/.rvm/gems/ruby-2.1.2/gems/railties-4.2.3/lib/rails/templates/rails/welcome/index.html.erb (2.8ms)
Completed 200 OK in 27ms (Views: 19.4ms | ActiveRecord: 0.0ms)
  [1m[36mActiveRecord::SchemaMigration Load (0.1ms)[0m  [1mSELECT "schema_migrations".* FROM "schema_migrations"[0m
Migrating to CreateStudents (1)
  [1m[35m (0.1ms)[0m  begin transaction
  [1m[36m (0.4ms)[0m  [1mCREATE TABLE "students" ("id" INTEGER PRIMARY KEY AUTOINCREMENT NOT NULL, "first_name" varchar, "last_name" varchar, "created_at" datetime NOT NULL, "updated_at" datetime NOT NULL) [0m
  [1m[35mSQL (0.3ms)[0m  INSERT INTO "schema_migrations" ("version") VALUES (?)  [["version", "1"]]
  [1m[36m (1.4ms)[0m  [1mcommit transaction[0m
  [1m[35mActiveRecord::SchemaMigration Load (0.1ms)[0m  SELECT "schema_migrations".* FROM "schema_migrations"
  [1m[36m (0.1ms)[0m  [1mbegin transaction[0m
  [1m[35mSQL (0.3ms)[0m  INSERT INTO "students" ("first_name", "last_name", "created_at", "updated_at") VALUES (?, ?, ?, ?)  [["first_name", "Jordan"], ["last_name", "Hudgens"], ["created_at", "2015-11-18 00:10:55.545365"], ["updated_at", "2015-11-18 00:10:55.545365"]]
  [1m[36m (2.9ms)[0m  [1mcommit transaction[0m
  [1m[35mStudent Load (0.2ms)[0m  SELECT  "students".* FROM "students"  ORDER BY "students"."id" DESC LIMIT 1
  [1m[36m (0.1ms)[0m  [1mbegin transaction[0m
  [1m[35mSQL (0.3ms)[0m  INSERT INTO "students" ("created_at", "updated_at") VALUES (?, ?)  [["created_at", "2015-11-18 00:17:49.095449"], ["updated_at", "2015-11-18 00:17:49.095449"]]
  [1m[36m (1.2ms)[0m  [1mcommit transaction[0m
  [1m[35mStudent Load (0.2ms)[0m  SELECT  "students".* FROM "students"  ORDER BY "students"."id" DESC LIMIT 1
  [1m[36mActiveRecord::SchemaMigration Load (0.1ms)[0m  [1mSELECT "schema_migrations".* FROM "schema_migrations"[0m
  [1m[35mActiveRecord::SchemaMigration Load (0.1ms)[0m  SELECT "schema_migrations".* FROM "schema_migrations"


Started GET "/" for ::1 at 2015-11-18 13:36:42 -0600
  [1m[36mActiveRecord::SchemaMigration Load (0.1ms)[0m  [1mSELECT "schema_migrations".* FROM "schema_migrations"[0m
Processing by Rails::WelcomeController#index as HTML
  Rendered /Users/admin/.rvm/gems/ruby-2.1.2/gems/railties-4.2.3/lib/rails/templates/rails/welcome/index.html.erb (2.4ms)
Completed 200 OK in 39ms (Views: 24.5ms | ActiveRecord: 0.0ms)


Started GET "/" for ::1 at 2015-11-18 13:37:10 -0600
Processing by Rails::WelcomeController#index as HTML
  Rendered /Users/admin/.rvm/gems/ruby-2.1.2/gems/railties-4.2.3/lib/rails/templates/rails/welcome/index.html.erb (0.0ms)
Completed 200 OK in 1ms (Views: 0.7ms | ActiveRecord: 0.0ms)
  [1m[36mActiveRecord::SchemaMigration Load (0.5ms)[0m  [1mSELECT "schema_migrations".* FROM "schema_migrations"[0m
  [1m[35mActiveRecord::SchemaMigration Load (0.1ms)[0m  SELECT "schema_migrations".* FROM "schema_migrations"
  [1m[36mStudent Load (0.4ms)[0m  [1mSELECT  "students".* FROM "students"  ORDER BY "students"."id" DESC LIMIT 1[0m
  [1m[35mStudent Load (0.2ms)[0m  SELECT  "students".* FROM "students"  ORDER BY "students"."id" DESC LIMIT 1
  [1m[36m (0.1ms)[0m  [1mbegin transaction[0m
  [1m[35mSQL (0.6ms)[0m  DELETE FROM "students" WHERE "students"."id" = ?  [["id", 2]]
  [1m[36m (1.6ms)[0m  [1mcommit transaction[0m
  [1m[35mStudent Load (0.2ms)[0m  SELECT "students".* FROM "students"
  [1m[36mActiveRecord::SchemaMigration Load (0.1ms)[0m  [1mSELECT "schema_migrations".* FROM "schema_migrations"[0m
Migrating to CreateSchoolClassTable (2)
  [1m[35m (0.0ms)[0m  begin transaction
  [1m[36m (0.5ms)[0m  [1mCREATE TABLE "school_classes" ("id" INTEGER PRIMARY KEY AUTOINCREMENT NOT NULL, "title" varchar, "room_number" varchar, "created_at" datetime NOT NULL, "updated_at" datetime NOT NULL) [0m
  [1m[35mSQL (0.2ms)[0m  INSERT INTO "schema_migrations" ("version") VALUES (?)  [["version", "2"]]
  [1m[36m (0.7ms)[0m  [1mcommit transaction[0m
  [1m[35mActiveRecord::SchemaMigration Load (0.1ms)[0m  SELECT "schema_migrations".* FROM "schema_migrations"
  [1m[36mActiveRecord::SchemaMigration Load (0.1ms)[0m  [1mSELECT "schema_migrations".* FROM "schema_migrations"[0m


Started GET "/" for ::1 at 2019-01-14 10:04:10 +0000
  [1m[36mActiveRecord::SchemaMigration Load (0.1ms)[0m  [1mSELECT "schema_migrations".* FROM "schema_migrations"[0m
Processing by Rails::WelcomeController#index as HTML
  Rendered /Users/harryturner/.rvm/gems/ruby-2.3.3/gems/railties-4.2.11/lib/rails/templates/rails/welcome/index.html.erb (1.6ms)
Completed 200 OK in 19ms (Views: 10.7ms | ActiveRecord: 0.0ms)


Started GET "/" for ::1 at 2019-01-14 10:04:12 +0000
Processing by Rails::WelcomeController#index as HTML
  Rendered /Users/harryturner/.rvm/gems/ruby-2.3.3/gems/railties-4.2.11/lib/rails/templates/rails/welcome/index.html.erb (0.0ms)
Completed 200 OK in 3ms (Views: 2.5ms | ActiveRecord: 0.0ms)


Started GET "/students" for ::1 at 2019-01-14 10:04:17 +0000

ActionController::RoutingError (No route matches [GET] "/students"):
  actionpack (4.2.11) lib/action_dispatch/middleware/debug_exceptions.rb:21:in `call'
  actionpack (4.2.11) lib/action_dispatch/middleware/show_exceptions.rb:30:in `call'
  railties (4.2.11) lib/rails/rack/logger.rb:38:in `call_app'
  railties (4.2.11) lib/rails/rack/logger.rb:20:in `block in call'
  activesupport (4.2.11) lib/active_support/tagged_logging.rb:68:in `block in tagged'
  activesupport (4.2.11) lib/active_support/tagged_logging.rb:26:in `tagged'
  activesupport (4.2.11) lib/active_support/tagged_logging.rb:68:in `tagged'
  railties (4.2.11) lib/rails/rack/logger.rb:20:in `call'
  actionpack (4.2.11) lib/action_dispatch/middleware/request_id.rb:21:in `call'
  rack (1.6.11) lib/rack/methodoverride.rb:22:in `call'
  rack (1.6.11) lib/rack/runtime.rb:18:in `call'
  activesupport (4.2.11) lib/active_support/cache/strategy/local_cache_middleware.rb:28:in `call'
  rack (1.6.11) lib/rack/lock.rb:17:in `call'
  actionpack (4.2.11) lib/action_dispatch/middleware/static.rb:120:in `call'
  rack (1.6.11) lib/rack/sendfile.rb:113:in `call'
  railties (4.2.11) lib/rails/engine.rb:518:in `call'
  railties (4.2.11) lib/rails/application.rb:165:in `call'
  rack (1.6.11) lib/rack/lock.rb:17:in `call'
  rack (1.6.11) lib/rack/content_length.rb:15:in `call'
  rack (1.6.11) lib/rack/handler/webrick.rb:88:in `service'
  /Users/harryturner/.rvm/rubies/ruby-2.3.3/lib/ruby/2.3.0/webrick/httpserver.rb:140:in `service'
  /Users/harryturner/.rvm/rubies/ruby-2.3.3/lib/ruby/2.3.0/webrick/httpserver.rb:96:in `run'
  /Users/harryturner/.rvm/rubies/ruby-2.3.3/lib/ruby/2.3.0/webrick/server.rb:296:in `block in start_thread'


  Rendered /Users/harryturner/.rvm/gems/ruby-2.3.3/gems/actionpack-4.2.11/lib/action_dispatch/middleware/templates/rescues/_trace.html.erb (1.4ms)
  Rendered /Users/harryturner/.rvm/gems/ruby-2.3.3/gems/actionpack-4.2.11/lib/action_dispatch/middleware/templates/routes/_route.html.erb (1.0ms)
  Rendered /Users/harryturner/.rvm/gems/ruby-2.3.3/gems/actionpack-4.2.11/lib/action_dispatch/middleware/templates/routes/_table.html.erb (7.3ms)
  Rendered /Users/harryturner/.rvm/gems/ruby-2.3.3/gems/actionpack-4.2.11/lib/action_dispatch/middleware/templates/rescues/_request_and_response.html.erb (1.4ms)
  Rendered /Users/harryturner/.rvm/gems/ruby-2.3.3/gems/actionpack-4.2.11/lib/action_dispatch/middleware/templates/rescues/routing_error.html.erb within rescues/layout (118.7ms)


Started GET "/school_class" for ::1 at 2019-01-14 10:04:21 +0000

ActionController::RoutingError (No route matches [GET] "/school_class"):
  actionpack (4.2.11) lib/action_dispatch/middleware/debug_exceptions.rb:21:in `call'
  actionpack (4.2.11) lib/action_dispatch/middleware/show_exceptions.rb:30:in `call'
  railties (4.2.11) lib/rails/rack/logger.rb:38:in `call_app'
  railties (4.2.11) lib/rails/rack/logger.rb:20:in `block in call'
  activesupport (4.2.11) lib/active_support/tagged_logging.rb:68:in `block in tagged'
  activesupport (4.2.11) lib/active_support/tagged_logging.rb:26:in `tagged'
  activesupport (4.2.11) lib/active_support/tagged_logging.rb:68:in `tagged'
  railties (4.2.11) lib/rails/rack/logger.rb:20:in `call'
  actionpack (4.2.11) lib/action_dispatch/middleware/request_id.rb:21:in `call'
  rack (1.6.11) lib/rack/methodoverride.rb:22:in `call'
  rack (1.6.11) lib/rack/runtime.rb:18:in `call'
  activesupport (4.2.11) lib/active_support/cache/strategy/local_cache_middleware.rb:28:in `call'
  rack (1.6.11) lib/rack/lock.rb:17:in `call'
  actionpack (4.2.11) lib/action_dispatch/middleware/static.rb:120:in `call'
  rack (1.6.11) lib/rack/sendfile.rb:113:in `call'
  railties (4.2.11) lib/rails/engine.rb:518:in `call'
  railties (4.2.11) lib/rails/application.rb:165:in `call'
  rack (1.6.11) lib/rack/lock.rb:17:in `call'
  rack (1.6.11) lib/rack/content_length.rb:15:in `call'
  rack (1.6.11) lib/rack/handler/webrick.rb:88:in `service'
  /Users/harryturner/.rvm/rubies/ruby-2.3.3/lib/ruby/2.3.0/webrick/httpserver.rb:140:in `service'
  /Users/harryturner/.rvm/rubies/ruby-2.3.3/lib/ruby/2.3.0/webrick/httpserver.rb:96:in `run'
  /Users/harryturner/.rvm/rubies/ruby-2.3.3/lib/ruby/2.3.0/webrick/server.rb:296:in `block in start_thread'


  Rendered /Users/harryturner/.rvm/gems/ruby-2.3.3/gems/actionpack-4.2.11/lib/action_dispatch/middleware/templates/rescues/_trace.html.erb (1.2ms)
  Rendered /Users/harryturner/.rvm/gems/ruby-2.3.3/gems/actionpack-4.2.11/lib/action_dispatch/middleware/templates/routes/_route.html.erb (0.9ms)
  Rendered /Users/harryturner/.rvm/gems/ruby-2.3.3/gems/actionpack-4.2.11/lib/action_dispatch/middleware/templates/routes/_table.html.erb (1.3ms)
  Rendered /Users/harryturner/.rvm/gems/ruby-2.3.3/gems/actionpack-4.2.11/lib/action_dispatch/middleware/templates/rescues/_request_and_response.html.erb (1.3ms)
  Rendered /Users/harryturner/.rvm/gems/ruby-2.3.3/gems/actionpack-4.2.11/lib/action_dispatch/middleware/templates/rescues/routing_error.html.erb within rescues/layout (105.6ms)


Started GET "/schoolclass" for ::1 at 2019-01-14 10:04:26 +0000

ActionController::RoutingError (No route matches [GET] "/schoolclass"):
  actionpack (4.2.11) lib/action_dispatch/middleware/debug_exceptions.rb:21:in `call'
  actionpack (4.2.11) lib/action_dispatch/middleware/show_exceptions.rb:30:in `call'
  railties (4.2.11) lib/rails/rack/logger.rb:38:in `call_app'
  railties (4.2.11) lib/rails/rack/logger.rb:20:in `block in call'
  activesupport (4.2.11) lib/active_support/tagged_logging.rb:68:in `block in tagged'
  activesupport (4.2.11) lib/active_support/tagged_logging.rb:26:in `tagged'
  activesupport (4.2.11) lib/active_support/tagged_logging.rb:68:in `tagged'
  railties (4.2.11) lib/rails/rack/logger.rb:20:in `call'
  actionpack (4.2.11) lib/action_dispatch/middleware/request_id.rb:21:in `call'
  rack (1.6.11) lib/rack/methodoverride.rb:22:in `call'
  rack (1.6.11) lib/rack/runtime.rb:18:in `call'
  activesupport (4.2.11) lib/active_support/cache/strategy/local_cache_middleware.rb:28:in `call'
  rack (1.6.11) lib/rack/lock.rb:17:in `call'
  actionpack (4.2.11) lib/action_dispatch/middleware/static.rb:120:in `call'
  rack (1.6.11) lib/rack/sendfile.rb:113:in `call'
  railties (4.2.11) lib/rails/engine.rb:518:in `call'
  railties (4.2.11) lib/rails/application.rb:165:in `call'
  rack (1.6.11) lib/rack/lock.rb:17:in `call'
  rack (1.6.11) lib/rack/content_length.rb:15:in `call'
  rack (1.6.11) lib/rack/handler/webrick.rb:88:in `service'
  /Users/harryturner/.rvm/rubies/ruby-2.3.3/lib/ruby/2.3.0/webrick/httpserver.rb:140:in `service'
  /Users/harryturner/.rvm/rubies/ruby-2.3.3/lib/ruby/2.3.0/webrick/httpserver.rb:96:in `run'
  /Users/harryturner/.rvm/rubies/ruby-2.3.3/lib/ruby/2.3.0/webrick/server.rb:296:in `block in start_thread'


  Rendered /Users/harryturner/.rvm/gems/ruby-2.3.3/gems/actionpack-4.2.11/lib/action_dispatch/middleware/templates/rescues/_trace.html.erb (1.2ms)
  Rendered /Users/harryturner/.rvm/gems/ruby-2.3.3/gems/actionpack-4.2.11/lib/action_dispatch/middleware/templates/routes/_route.html.erb (0.9ms)
  Rendered /Users/harryturner/.rvm/gems/ruby-2.3.3/gems/actionpack-4.2.11/lib/action_dispatch/middleware/templates/routes/_table.html.erb (2.6ms)
  Rendered /Users/harryturner/.rvm/gems/ruby-2.3.3/gems/actionpack-4.2.11/lib/action_dispatch/middleware/templates/rescues/_request_and_response.html.erb (1.0ms)
  Rendered /Users/harryturner/.rvm/gems/ruby-2.3.3/gems/actionpack-4.2.11/lib/action_dispatch/middleware/templates/rescues/routing_error.html.erb within rescues/layout (96.0ms)


Started GET "/school_classes" for ::1 at 2019-01-14 10:04:38 +0000
Processing by SchoolClassesController#index as HTML
  [1m[35mSchoolClass Load (0.1ms)[0m  SELECT "school_classes".* FROM "school_classes"
  Rendered school_classes/index.html.erb within layouts/application (1.1ms)
Completed 200 OK in 373ms (Views: 370.9ms | ActiveRecord: 0.2ms)


Started GET "/school_classes" for ::1 at 2019-01-14 10:06:11 +0000
Processing by SchoolClassesController#index as HTML
  [1m[36mSchoolClass Load (0.1ms)[0m  [1mSELECT "school_classes".* FROM "school_classes"[0m
  Rendered school_classes/index.html.erb within layouts/application (30.0ms)
Completed 500 Internal Server Error in 36ms (ActiveRecord: 0.1ms)

ActionView::Template::Error (undefined local variable or method `new_school_class' for #<#<Class:0x007fd12bd6cc80>:0x007fd12e6098a0>
Did you mean?  new_school_class_url):
    6:   <% end %>
    7: </ul>
    8: 
    9: <%= link_to "Create New Class", school_class_path(new_school_class) %>
  app/views/school_classes/index.html.erb:9:in `_app_views_school_classes_index_html_erb___4380151936858245550_70268244693780'


  Rendered /Users/harryturner/.rvm/gems/ruby-2.3.3/gems/actionpack-4.2.11/lib/action_dispatch/middleware/templates/rescues/_source.erb (4.7ms)
  Rendered /Users/harryturner/.rvm/gems/ruby-2.3.3/gems/actionpack-4.2.11/lib/action_dispatch/middleware/templates/rescues/_trace.html.erb (2.0ms)
  Rendered /Users/harryturner/.rvm/gems/ruby-2.3.3/gems/actionpack-4.2.11/lib/action_dispatch/middleware/templates/rescues/_request_and_response.html.erb (0.9ms)
  Rendered /Users/harryturner/.rvm/gems/ruby-2.3.3/gems/actionpack-4.2.11/lib/action_dispatch/middleware/templates/rescues/template_error.html.erb within rescues/layout (75.2ms)


Started GET "/school_classes" for ::1 at 2019-01-14 10:06:38 +0000
Processing by SchoolClassesController#index as HTML
  [1m[35mSchoolClass Load (0.1ms)[0m  SELECT "school_classes".* FROM "school_classes"
  Rendered school_classes/index.html.erb within layouts/application (2.4ms)
Completed 200 OK in 15ms (Views: 14.4ms | ActiveRecord: 0.1ms)


Started GET "/school_classes/%23%3CSchoolClass::ActiveRecord_Relation:0x007fd12bef7fa0%3E" for ::1 at 2019-01-14 10:06:40 +0000
Processing by SchoolClassesController#show as HTML
  Parameters: {"id"=>"#<SchoolClass::ActiveRecord_Relation:0x007fd12bef7fa0>"}
  [1m[36mSchoolClass Load (0.1ms)[0m  [1mSELECT  "school_classes".* FROM "school_classes" WHERE "school_classes"."id" = ? LIMIT 1[0m  [["id", 0]]
Completed 404 Not Found in 8ms (ActiveRecord: 0.4ms)

ActiveRecord::RecordNotFound (Couldn't find SchoolClass with 'id'=#<SchoolClass::ActiveRecord_Relation:0x007fd12bef7fa0>):
  app/controllers/school_classes_controller.rb:8:in `show'


  Rendered /Users/harryturner/.rvm/gems/ruby-2.3.3/gems/actionpack-4.2.11/lib/action_dispatch/middleware/templates/rescues/_source.erb (3.6ms)
  Rendered /Users/harryturner/.rvm/gems/ruby-2.3.3/gems/actionpack-4.2.11/lib/action_dispatch/middleware/templates/rescues/_trace.html.erb (1.8ms)
  Rendered /Users/harryturner/.rvm/gems/ruby-2.3.3/gems/actionpack-4.2.11/lib/action_dispatch/middleware/templates/rescues/_request_and_response.html.erb (0.8ms)
  Rendered /Users/harryturner/.rvm/gems/ruby-2.3.3/gems/actionpack-4.2.11/lib/action_dispatch/middleware/templates/rescues/diagnostics.html.erb within rescues/layout (71.4ms)


Started GET "/school_classes" for ::1 at 2019-01-14 10:07:33 +0000
Processing by SchoolClassesController#index as HTML
  [1m[35mSchoolClass Load (0.1ms)[0m  SELECT "school_classes".* FROM "school_classes"
  Rendered school_classes/index.html.erb within layouts/application (5.2ms)
Completed 500 Internal Server Error in 10ms (ActiveRecord: 0.1ms)

ActionView::Template::Error (undefined method `title' for #<ActiveRecord::Relation []>):
    6:   <% end %>
    7: </ul>
    8: 
    9: <%= link_to "Create New Class", school_class_path(@school_classes.title) %>
  app/views/school_classes/index.html.erb:9:in `_app_views_school_classes_index_html_erb___4380151936858245550_70268185559000'


  Rendered /Users/harryturner/.rvm/gems/ruby-2.3.3/gems/actionpack-4.2.11/lib/action_dispatch/middleware/templates/rescues/_source.erb (6.5ms)
  Rendered /Users/harryturner/.rvm/gems/ruby-2.3.3/gems/actionpack-4.2.11/lib/action_dispatch/middleware/templates/rescues/_trace.html.erb (3.2ms)
  Rendered /Users/harryturner/.rvm/gems/ruby-2.3.3/gems/actionpack-4.2.11/lib/action_dispatch/middleware/templates/rescues/_request_and_response.html.erb (1.1ms)
  Rendered /Users/harryturner/.rvm/gems/ruby-2.3.3/gems/actionpack-4.2.11/lib/action_dispatch/middleware/templates/rescues/template_error.html.erb within rescues/layout (76.6ms)


Started GET "/school_classes" for ::1 at 2019-01-14 10:07:58 +0000
Processing by SchoolClassesController#index as HTML
  Rendered school_classes/index.html.erb within layouts/application (0.6ms)
Completed 500 Internal Server Error in 6ms (ActiveRecord: 0.0ms)

SyntaxError (/Users/harryturner/Development/Module_2/rails-form_for-lab-london-web-121018/app/views/school_classes/index.html.erb:9: syntax error, unexpected ')', expecting '('
...ol_class_path(@school_classes.) );@output_buffer.safe_append...
...                               ^
/Users/harryturner/Development/Module_2/rails-form_for-lab-london-web-121018/app/views/school_classes/index.html.erb:11: syntax error, unexpected keyword_ensure, expecting ')'
/Users/harryturner/Development/Module_2/rails-form_for-lab-london-web-121018/app/views/school_classes/index.html.erb:13: syntax error, unexpected keyword_end, expecting ')'):
  app/views/school_classes/index.html.erb:9: syntax error, unexpected ')', expecting '('
  app/views/school_classes/index.html.erb:11: syntax error, unexpected keyword_ensure, expecting ')'
  app/views/school_classes/index.html.erb:13: syntax error, unexpected keyword_end, expecting ')'


  Rendered /Users/harryturner/.rvm/gems/ruby-2.3.3/gems/actionpack-4.2.11/lib/action_dispatch/middleware/templates/rescues/_source.erb (4.3ms)
  Rendered /Users/harryturner/.rvm/gems/ruby-2.3.3/gems/actionpack-4.2.11/lib/action_dispatch/middleware/templates/rescues/_trace.html.erb (2.0ms)
  Rendered /Users/harryturner/.rvm/gems/ruby-2.3.3/gems/actionpack-4.2.11/lib/action_dispatch/middleware/templates/rescues/_request_and_response.html.erb (0.7ms)
  Rendered /Users/harryturner/.rvm/gems/ruby-2.3.3/gems/actionpack-4.2.11/lib/action_dispatch/middleware/templates/rescues/diagnostics.html.erb within rescues/layout (71.1ms)


Started GET "/school_classes" for ::1 at 2019-01-14 10:08:17 +0000
Processing by SchoolClassesController#index as HTML
  [1m[36mSchoolClass Load (0.1ms)[0m  [1mSELECT "school_classes".* FROM "school_classes"[0m
  Rendered school_classes/index.html.erb within layouts/application (1.0ms)
Completed 200 OK in 13ms (Views: 12.5ms | ActiveRecord: 0.1ms)


Started GET "/school_classes/new.%23%3CSchoolClass::ActiveRecord_Relation:0x007fd134906110%3E" for ::1 at 2019-01-14 10:08:18 +0000
Processing by SchoolClassesController#new as 
  Rendered school_classes/new.html.erb within layouts/application (0.3ms)
Completed 200 OK in 28ms (Views: 27.6ms | ActiveRecord: 0.0ms)


Started GET "/school_classes" for ::1 at 2019-01-14 10:09:16 +0000
Processing by SchoolClassesController#index as HTML
  [1m[35mSchoolClass Load (0.1ms)[0m  SELECT "school_classes".* FROM "school_classes"
  Rendered school_classes/index.html.erb within layouts/application (1.0ms)
Completed 200 OK in 19ms (Views: 18.1ms | ActiveRecord: 0.1ms)
  [1m[36mActiveRecord::SchemaMigration Load (0.1ms)[0m  [1mSELECT "schema_migrations".* FROM "schema_migrations"[0m
  [1m[35mActiveRecord::SchemaMigration Load (0.1ms)[0m  SELECT "schema_migrations".* FROM "schema_migrations"
Migrating to CreateSchoolClassTable (2)
  [1m[36m (0.0ms)[0m  [1mbegin transaction[0m
  [1m[35m (0.5ms)[0m  DROP TABLE "school_classes"
  [1m[36mSQL (0.4ms)[0m  [1mDELETE FROM "schema_migrations" WHERE "schema_migrations"."version" = ?[0m  [["version", "2"]]
  [1m[35m (0.7ms)[0m  commit transaction
  [1m[36mActiveRecord::SchemaMigration Load (0.1ms)[0m  [1mSELECT "schema_migrations".* FROM "schema_migrations"[0m
  [1m[36mActiveRecord::SchemaMigration Load (0.1ms)[0m  [1mSELECT "schema_migrations".* FROM "schema_migrations"[0m
  [1m[35mActiveRecord::SchemaMigration Load (0.1ms)[0m  SELECT "schema_migrations".* FROM "schema_migrations"
Migrating to CreateStudents (1)
  [1m[36m (0.0ms)[0m  [1mbegin transaction[0m
  [1m[35m (0.5ms)[0m  DROP TABLE "students"
  [1m[36mSQL (0.2ms)[0m  [1mDELETE FROM "schema_migrations" WHERE "schema_migrations"."version" = ?[0m  [["version", "1"]]
  [1m[35m (2.3ms)[0m  commit transaction
  [1m[36mActiveRecord::SchemaMigration Load (0.1ms)[0m  [1mSELECT "schema_migrations".* FROM "schema_migrations"[0m
  [1m[36mActiveRecord::SchemaMigration Load (0.1ms)[0m  [1mSELECT "schema_migrations".* FROM "schema_migrations"[0m
Migrating to CreateStudents (1)
  [1m[35m (0.0ms)[0m  begin transaction
  [1m[36m (0.5ms)[0m  [1mCREATE TABLE "students" ("id" INTEGER PRIMARY KEY AUTOINCREMENT NOT NULL, "first_name" varchar, "last_name" varchar, "created_at" datetime NOT NULL, "updated_at" datetime NOT NULL) [0m
  [1m[35mSQL (0.2ms)[0m  INSERT INTO "schema_migrations" ("version") VALUES (?)  [["version", "1"]]
  [1m[36m (2.3ms)[0m  [1mcommit transaction[0m
Migrating to CreateSchoolClassTable (2)
  [1m[35m (0.1ms)[0m  begin transaction
  [1m[36m (0.4ms)[0m  [1mCREATE TABLE "school_classes" ("id" INTEGER PRIMARY KEY AUTOINCREMENT NOT NULL, "title" varchar, "room_number" integer, "created_at" datetime NOT NULL, "updated_at" datetime NOT NULL) [0m
  [1m[35mSQL (0.2ms)[0m  INSERT INTO "schema_migrations" ("version") VALUES (?)  [["version", "2"]]
  [1m[36m (0.7ms)[0m  [1mcommit transaction[0m
  [1m[35mActiveRecord::SchemaMigration Load (0.1ms)[0m  SELECT "schema_migrations".* FROM "schema_migrations"


Started GET "/school_classes" for ::1 at 2019-01-14 10:15:30 +0000
  [1m[36mActiveRecord::SchemaMigration Load (0.1ms)[0m  [1mSELECT "schema_migrations".* FROM "schema_migrations"[0m
Processing by SchoolClassesController#index as HTML
  [1m[35mSchoolClass Load (0.1ms)[0m  SELECT "school_classes".* FROM "school_classes"
  Rendered school_classes/index.html.erb within layouts/application (3.1ms)
Completed 200 OK in 20ms (Views: 18.0ms | ActiveRecord: 0.2ms)


Started GET "/school_classes/new.%23%3CSchoolClass::ActiveRecord_Relation:0x007fd135069fb0%3E" for ::1 at 2019-01-14 10:15:31 +0000
Processing by SchoolClassesController#new as 
  Rendered school_classes/new.html.erb within layouts/application (36.4ms)
Completed 500 Internal Server Error in 56ms (ActiveRecord: 0.0ms)

ActionView::Template::Error (undefined method `integer_field_tag' for #<#<Class:0x007fd135069a60>:0x007fd133334e68>
Did you mean?  range_field_tag):
     5:   <%= text_field_tag :'school_class[:title]' %><br>
     6: 
     7:   <label for="Room Number">Room Number:</label><br>
     8:   <%= integer_field_tag :'school_class[:room_number]' %>
     9: 
    10:   <%= sumbit_tag "Submit Class" %>
    11: 
  app/views/school_classes/new.html.erb:8:in `block in _app_views_school_classes_new_html_erb__167516365911268925_70268241869340'
  app/views/school_classes/new.html.erb:3:in `_app_views_school_classes_new_html_erb__167516365911268925_70268241869340'


  Rendered /Users/harryturner/.rvm/gems/ruby-2.3.3/gems/actionpack-4.2.11/lib/action_dispatch/middleware/templates/rescues/_source.erb (4.8ms)
  Rendered /Users/harryturner/.rvm/gems/ruby-2.3.3/gems/actionpack-4.2.11/lib/action_dispatch/middleware/templates/rescues/_trace.html.erb (1.8ms)
  Rendered /Users/harryturner/.rvm/gems/ruby-2.3.3/gems/actionpack-4.2.11/lib/action_dispatch/middleware/templates/rescues/_request_and_response.html.erb (0.7ms)
  Rendered /Users/harryturner/.rvm/gems/ruby-2.3.3/gems/actionpack-4.2.11/lib/action_dispatch/middleware/templates/rescues/template_error.html.erb within rescues/layout (71.6ms)


Started GET "/school_classes/new.%23%3CSchoolClass::ActiveRecord_Relation:0x007fd135069fb0%3E" for ::1 at 2019-01-14 10:16:12 +0000
Processing by SchoolClassesController#new as 
  Rendered school_classes/new.html.erb within layouts/application (28.5ms)
Completed 500 Internal Server Error in 47ms (ActiveRecord: 0.0ms)

ActionView::Template::Error (undefined method `sumbit_tag' for #<#<Class:0x007fd135069a60>:0x007fd135199818>
Did you mean?  submit_tag):
     7:   <label for="Room Number">Room Number:</label><br>
     8:   <%= number_field_tag :'school_class[:room_number]' %>
     9: 
    10:   <%= sumbit_tag "Submit Class" %>
    11: 
    12: <% end %>
  app/views/school_classes/new.html.erb:10:in `block in _app_views_school_classes_new_html_erb__167516365911268925_70268257902280'
  app/views/school_classes/new.html.erb:3:in `_app_views_school_classes_new_html_erb__167516365911268925_70268257902280'


  Rendered /Users/harryturner/.rvm/gems/ruby-2.3.3/gems/actionpack-4.2.11/lib/action_dispatch/middleware/templates/rescues/_source.erb (4.9ms)
  Rendered /Users/harryturner/.rvm/gems/ruby-2.3.3/gems/actionpack-4.2.11/lib/action_dispatch/middleware/templates/rescues/_trace.html.erb (2.5ms)
  Rendered /Users/harryturner/.rvm/gems/ruby-2.3.3/gems/actionpack-4.2.11/lib/action_dispatch/middleware/templates/rescues/_request_and_response.html.erb (0.8ms)
  Rendered /Users/harryturner/.rvm/gems/ruby-2.3.3/gems/actionpack-4.2.11/lib/action_dispatch/middleware/templates/rescues/template_error.html.erb within rescues/layout (73.1ms)


Started GET "/school_classes/new.%23%3CSchoolClass::ActiveRecord_Relation:0x007fd135069fb0%3E" for ::1 at 2019-01-14 10:16:21 +0000
Processing by SchoolClassesController#new as 
  Rendered school_classes/new.html.erb within layouts/application (0.7ms)
Completed 200 OK in 28ms (Views: 28.0ms | ActiveRecord: 0.0ms)


Started GET "/school_classes/new.%23%3CSchoolClass::ActiveRecord_Relation:0x007fd135069fb0%3E" for ::1 at 2019-01-14 10:16:31 +0000
Processing by SchoolClassesController#new as 
  Rendered school_classes/new.html.erb within layouts/application (0.8ms)
Completed 200 OK in 27ms (Views: 26.4ms | ActiveRecord: 0.0ms)


Started POST "/school_classes" for ::1 at 2019-01-14 10:16:38 +0000
Processing by SchoolClassesController#create as HTML
  Parameters: {"utf8"=>"✓", "authenticity_token"=>"mFXYeQBUIb9K/ehG0t6OtwXAQODoIyvs9V+TAS0GLKMDVkmaotu+ycGRjSUVhcJPR+C3pq/Vh6u3pOcgVdIAVg==", "school_class"=>{":title"=>"English", ":room_number"=>"4"}, "commit"=>"Submit Class"}
  [1m[36m (0.0ms)[0m  [1mbegin transaction[0m
  [1m[35mSQL (0.9ms)[0m  INSERT INTO "school_classes" ("created_at", "updated_at") VALUES (?, ?)  [["created_at", "2019-01-14 10:16:38.906566"], ["updated_at", "2019-01-14 10:16:38.906566"]]
  [1m[36m (0.9ms)[0m  [1mcommit transaction[0m
Redirected to http://localhost:3000/school_classes/1
Completed 302 Found in 9ms (ActiveRecord: 2.0ms)


Started GET "/school_classes/1" for ::1 at 2019-01-14 10:16:38 +0000
Processing by SchoolClassesController#show as HTML
  Parameters: {"id"=>"1"}
  [1m[35mSchoolClass Load (0.1ms)[0m  SELECT  "school_classes".* FROM "school_classes" WHERE "school_classes"."id" = ? LIMIT 1  [["id", 1]]
  Rendered school_classes/show.html.erb within layouts/application (0.5ms)
Completed 200 OK in 15ms (Views: 13.7ms | ActiveRecord: 0.1ms)


Started GET "/school_classes" for ::1 at 2019-01-14 10:16:46 +0000
Processing by SchoolClassesController#index as HTML
  [1m[36mSchoolClass Load (0.1ms)[0m  [1mSELECT "school_classes".* FROM "school_classes"[0m
  Rendered school_classes/index.html.erb within layouts/application (1.1ms)
Completed 200 OK in 15ms (Views: 14.0ms | ActiveRecord: 0.1ms)


Started GET "/school_classes" for ::1 at 2019-01-14 10:17:13 +0000
Processing by SchoolClassesController#index as HTML
  [1m[35mSchoolClass Load (0.1ms)[0m  SELECT "school_classes".* FROM "school_classes"
  Rendered school_classes/index.html.erb within layouts/application (0.7ms)
Completed 200 OK in 14ms (Views: 13.3ms | ActiveRecord: 0.1ms)


Started GET "/school_classes" for ::1 at 2019-01-14 10:17:22 +0000
  [1m[36mActiveRecord::SchemaMigration Load (0.1ms)[0m  [1mSELECT "schema_migrations".* FROM "schema_migrations"[0m
Processing by SchoolClassesController#index as HTML
  [1m[35mSchoolClass Load (0.2ms)[0m  SELECT "school_classes".* FROM "school_classes"
  Rendered school_classes/index.html.erb within layouts/application (7.6ms)
Completed 200 OK in 234ms (Views: 223.1ms | ActiveRecord: 0.5ms)


Started GET "/school_classes" for ::1 at 2019-01-14 10:17:24 +0000
Processing by SchoolClassesController#index as HTML
  [1m[36mSchoolClass Load (0.2ms)[0m  [1mSELECT "school_classes".* FROM "school_classes"[0m
  Rendered school_classes/index.html.erb within layouts/application (1.0ms)
Completed 200 OK in 13ms (Views: 12.7ms | ActiveRecord: 0.2ms)


Started GET "/school_classes/1" for ::1 at 2019-01-14 10:17:25 +0000
Processing by SchoolClassesController#show as HTML
  Parameters: {"id"=>"1"}
  [1m[35mSchoolClass Load (0.1ms)[0m  SELECT  "school_classes".* FROM "school_classes" WHERE "school_classes"."id" = ? LIMIT 1  [["id", 1]]
  Rendered school_classes/show.html.erb within layouts/application (0.6ms)
Completed 200 OK in 21ms (Views: 15.5ms | ActiveRecord: 0.1ms)
  [1m[36mSchoolClass Load (1.3ms)[0m  [1mSELECT "school_classes".* FROM "school_classes"[0m


Started GET "/school_classes" for ::1 at 2019-01-14 10:18:51 +0000
Processing by SchoolClassesController#index as HTML
  [1m[36mSchoolClass Load (0.3ms)[0m  [1mSELECT "school_classes".* FROM "school_classes"[0m
  Rendered school_classes/index.html.erb within layouts/application (5.1ms)
Completed 200 OK in 21ms (Views: 18.6ms | ActiveRecord: 0.5ms)


Started GET "/school_classes/new.%23%3CSchoolClass::ActiveRecord_Relation:0x007fe7d6cdf0a8%3E" for ::1 at 2019-01-14 10:18:52 +0000
Processing by SchoolClassesController#new as 
  Rendered school_classes/new.html.erb within layouts/application (1.3ms)
Completed 200 OK in 28ms (Views: 27.4ms | ActiveRecord: 0.0ms)


Started POST "/school_classes" for ::1 at 2019-01-14 10:18:56 +0000
Processing by SchoolClassesController#create as HTML
  Parameters: {"utf8"=>"✓", "authenticity_token"=>"dJm5KqpjZMjdbiZEuGoVCdAswEi8JYy/AtuJnm7i1U3vmijJCOz7vlYCQyd/MVnxkgw3DvvTIPhAIP2/Fjb5uA==", "school_class"=>{":title"=>"English", ":room_number"=>"2"}, "commit"=>"Submit Class"}
  [1m[35m (0.1ms)[0m  begin transaction
  [1m[36mSQL (1.2ms)[0m  [1mINSERT INTO "school_classes" ("created_at", "updated_at") VALUES (?, ?)[0m  [["created_at", "2019-01-14 10:18:56.171712"], ["updated_at", "2019-01-14 10:18:56.171712"]]
  [1m[35m (0.7ms)[0m  commit transaction
Redirected to http://localhost:3000/school_classes/2
Completed 302 Found in 7ms (ActiveRecord: 1.9ms)


Started GET "/school_classes/2" for ::1 at 2019-01-14 10:18:56 +0000
Processing by SchoolClassesController#show as HTML
  Parameters: {"id"=>"2"}
  [1m[36mSchoolClass Load (0.2ms)[0m  [1mSELECT  "school_classes".* FROM "school_classes" WHERE "school_classes"."id" = ? LIMIT 1[0m  [["id", 2]]
  Rendered school_classes/show.html.erb within layouts/application (0.2ms)
Completed 200 OK in 15ms (Views: 13.3ms | ActiveRecord: 0.2ms)


Started GET "/school_classes" for ::1 at 2019-01-14 10:19:53 +0000
Processing by SchoolClassesController#index as HTML
  [1m[35mSchoolClass Load (0.3ms)[0m  SELECT "school_classes".* FROM "school_classes"
  Rendered school_classes/index.html.erb within layouts/application (5.2ms)
Completed 200 OK in 35ms (Views: 32.4ms | ActiveRecord: 0.5ms)


Started GET "/school_classes" for ::1 at 2019-01-14 10:19:56 +0000
Processing by SchoolClassesController#index as HTML
  [1m[36mSchoolClass Load (0.1ms)[0m  [1mSELECT "school_classes".* FROM "school_classes"[0m
  Rendered school_classes/index.html.erb within layouts/application (0.9ms)
Completed 200 OK in 13ms (Views: 12.5ms | ActiveRecord: 0.1ms)


Started GET "/school_classes/new.%23%3CSchoolClass::ActiveRecord_Relation:0x007fe7db406378%3E" for ::1 at 2019-01-14 10:19:57 +0000
Processing by SchoolClassesController#new as 
  Rendered school_classes/new.html.erb within layouts/application (0.4ms)
Completed 200 OK in 28ms (Views: 26.9ms | ActiveRecord: 0.0ms)


Started POST "/school_classes" for ::1 at 2019-01-14 10:20:02 +0000
Processing by SchoolClassesController#create as HTML
  Parameters: {"utf8"=>"✓", "authenticity_token"=>"yuHAbRovnK32WgAPQ5ywb4zkJEYelZziFiyHZWpQoMBR4lGOuKAD2302ZWyEx/yXzsTTAFljMKVU1/NEEoSMNQ==", "school_class"=>{":title"=>"Maths", ":room_number"=>"20"}, "commit"=>"Submit Class"}
  [1m[35m (0.1ms)[0m  begin transaction
  [1m[36mSQL (0.4ms)[0m  [1mINSERT INTO "school_classes" ("created_at", "updated_at") VALUES (?, ?)[0m  [["created_at", "2019-01-14 10:20:02.650683"], ["updated_at", "2019-01-14 10:20:02.650683"]]
  [1m[35m (0.7ms)[0m  commit transaction
Redirected to http://localhost:3000/school_classes/3
Completed 302 Found in 4ms (ActiveRecord: 1.1ms)


Started GET "/school_classes/3" for ::1 at 2019-01-14 10:20:02 +0000
Processing by SchoolClassesController#show as HTML
  Parameters: {"id"=>"3"}
  [1m[36mSchoolClass Load (0.1ms)[0m  [1mSELECT  "school_classes".* FROM "school_classes" WHERE "school_classes"."id" = ? LIMIT 1[0m  [["id", 3]]
  Rendered school_classes/show.html.erb within layouts/application (0.1ms)
Completed 200 OK in 14ms (Views: 12.5ms | ActiveRecord: 0.1ms)
  [1m[36mSchoolClass Load (1.5ms)[0m  [1mSELECT "school_classes".* FROM "school_classes"[0m


Started GET "/school_classes" for ::1 at 2019-01-14 10:21:11 +0000
Processing by SchoolClassesController#index as HTML
  [1m[35mSchoolClass Load (0.1ms)[0m  SELECT "school_classes".* FROM "school_classes"
  Rendered school_classes/index.html.erb within layouts/application (1.2ms)
Completed 200 OK in 17ms (Views: 16.1ms | ActiveRecord: 0.1ms)


Started GET "/school_classes" for ::1 at 2019-01-14 10:21:12 +0000
Processing by SchoolClassesController#index as HTML
  [1m[36mSchoolClass Load (0.1ms)[0m  [1mSELECT "school_classes".* FROM "school_classes"[0m
  Rendered school_classes/index.html.erb within layouts/application (0.9ms)
Completed 200 OK in 14ms (Views: 13.7ms | ActiveRecord: 0.1ms)


Started GET "/school_classes/new.%23%3CSchoolClass::ActiveRecord_Relation:0x007fe7dc909310%3E" for ::1 at 2019-01-14 10:21:13 +0000
Processing by SchoolClassesController#new as 
  Rendered school_classes/new.html.erb within layouts/application (0.9ms)
Completed 200 OK in 29ms (Views: 28.5ms | ActiveRecord: 0.0ms)


Started POST "/school_classes" for ::1 at 2019-01-14 10:21:22 +0000
Processing by SchoolClassesController#create as HTML
  Parameters: {"utf8"=>"✓", "authenticity_token"=>"1RWU9RIQJnnGJYphT7manWxI3+m+jMXcPvqTryWvAz9OFgUWsJ+5D01J7wKI4tZlLmgor/l6aZt8AeeOXXsvyg==", "school_class"=>{"title"=>"French", "room_number"=>"1"}, "commit"=>"Submit Class"}
  [1m[35m (0.1ms)[0m  begin transaction
  [1m[36mSQL (0.3ms)[0m  [1mINSERT INTO "school_classes" ("title", "room_number", "created_at", "updated_at") VALUES (?, ?, ?, ?)[0m  [["title", "French"], ["room_number", 1], ["created_at", "2019-01-14 10:21:22.287071"], ["updated_at", "2019-01-14 10:21:22.287071"]]
  [1m[35m (0.8ms)[0m  commit transaction
Redirected to http://localhost:3000/school_classes/4
Completed 302 Found in 4ms (ActiveRecord: 1.2ms)


Started GET "/school_classes/4" for ::1 at 2019-01-14 10:21:22 +0000
Processing by SchoolClassesController#show as HTML
  Parameters: {"id"=>"4"}
  [1m[36mSchoolClass Load (0.1ms)[0m  [1mSELECT  "school_classes".* FROM "school_classes" WHERE "school_classes"."id" = ? LIMIT 1[0m  [["id", 4]]
  Rendered school_classes/show.html.erb within layouts/application (0.2ms)
Completed 200 OK in 14ms (Views: 12.7ms | ActiveRecord: 0.1ms)


Started GET "/school_classes" for ::1 at 2019-01-14 10:21:26 +0000
Processing by SchoolClassesController#index as HTML
  [1m[35mSchoolClass Load (0.1ms)[0m  SELECT "school_classes".* FROM "school_classes"
  Rendered school_classes/index.html.erb within layouts/application (1.1ms)
Completed 200 OK in 15ms (Views: 14.5ms | ActiveRecord: 0.1ms)


Started GET "/school_classes" for ::1 at 2019-01-14 10:25:39 +0000
Processing by SchoolClassesController#index as HTML
  [1m[36mSchoolClass Load (0.1ms)[0m  [1mSELECT "school_classes".* FROM "school_classes"[0m
  Rendered school_classes/index.html.erb within layouts/application (1.1ms)
Completed 200 OK in 15ms (Views: 14.1ms | ActiveRecord: 0.1ms)


Started GET "/school_classes/1" for ::1 at 2019-01-14 10:25:40 +0000
Processing by SchoolClassesController#show as HTML
  Parameters: {"id"=>"1"}
  [1m[35mSchoolClass Load (0.1ms)[0m  SELECT  "school_classes".* FROM "school_classes" WHERE "school_classes"."id" = ? LIMIT 1  [["id", 1]]
  Rendered school_classes/show.html.erb within layouts/application (0.5ms)
Completed 500 Internal Server Error in 7ms (ActiveRecord: 0.1ms)

SyntaxError (/Users/harryturner/Development/Module_2/rails-form_for-lab-london-web-121018/app/views/school_classes/show.html.erb:4: syntax error, unexpected tIDENTIFIER, expecting ')'
...ink_to "Edit" edit_school_class(@school_class));@output_buff...
...                               ^):
  app/views/school_classes/show.html.erb:4: syntax error, unexpected tIDENTIFIER, expecting ')'


  Rendered /Users/harryturner/.rvm/gems/ruby-2.3.3/gems/actionpack-4.2.11/lib/action_dispatch/middleware/templates/rescues/_source.erb (5.3ms)
  Rendered /Users/harryturner/.rvm/gems/ruby-2.3.3/gems/actionpack-4.2.11/lib/action_dispatch/middleware/templates/rescues/_trace.html.erb (2.5ms)
  Rendered /Users/harryturner/.rvm/gems/ruby-2.3.3/gems/actionpack-4.2.11/lib/action_dispatch/middleware/templates/rescues/_request_and_response.html.erb (0.9ms)
  Rendered /Users/harryturner/.rvm/gems/ruby-2.3.3/gems/actionpack-4.2.11/lib/action_dispatch/middleware/templates/rescues/diagnostics.html.erb within rescues/layout (70.2ms)


Started GET "/school_classes/4" for ::1 at 2019-01-14 10:25:51 +0000
Processing by SchoolClassesController#show as HTML
  Parameters: {"id"=>"4"}
  [1m[36mSchoolClass Load (0.1ms)[0m  [1mSELECT  "school_classes".* FROM "school_classes" WHERE "school_classes"."id" = ? LIMIT 1[0m  [["id", 4]]
  Rendered school_classes/show.html.erb within layouts/application (0.4ms)
Completed 500 Internal Server Error in 6ms (ActiveRecord: 0.1ms)

SyntaxError (/Users/harryturner/Development/Module_2/rails-form_for-lab-london-web-121018/app/views/school_classes/show.html.erb:4: syntax error, unexpected tIDENTIFIER, expecting ')'
...ink_to "Edit" edit_school_class(@school_class));@output_buff...
...                               ^):
  app/views/school_classes/show.html.erb:4: syntax error, unexpected tIDENTIFIER, expecting ')'


  Rendered /Users/harryturner/.rvm/gems/ruby-2.3.3/gems/actionpack-4.2.11/lib/action_dispatch/middleware/templates/rescues/_source.erb (6.0ms)
  Rendered /Users/harryturner/.rvm/gems/ruby-2.3.3/gems/actionpack-4.2.11/lib/action_dispatch/middleware/templates/rescues/_trace.html.erb (2.0ms)
  Rendered /Users/harryturner/.rvm/gems/ruby-2.3.3/gems/actionpack-4.2.11/lib/action_dispatch/middleware/templates/rescues/_request_and_response.html.erb (0.8ms)
  Rendered /Users/harryturner/.rvm/gems/ruby-2.3.3/gems/actionpack-4.2.11/lib/action_dispatch/middleware/templates/rescues/diagnostics.html.erb within rescues/layout (72.5ms)


Started GET "/school_classes" for ::1 at 2019-01-14 10:26:02 +0000
Processing by SchoolClassesController#index as HTML
  [1m[35mSchoolClass Load (0.2ms)[0m  SELECT "school_classes".* FROM "school_classes"
  Rendered school_classes/index.html.erb within layouts/application (1.7ms)
Completed 200 OK in 18ms (Views: 17.1ms | ActiveRecord: 0.2ms)


Started GET "/school_classes" for ::1 at 2019-01-14 10:26:03 +0000
Processing by SchoolClassesController#index as HTML
  [1m[36mSchoolClass Load (0.1ms)[0m  [1mSELECT "school_classes".* FROM "school_classes"[0m
  Rendered school_classes/index.html.erb within layouts/application (1.0ms)
Completed 200 OK in 15ms (Views: 14.5ms | ActiveRecord: 0.1ms)


Started GET "/school_classes/1" for ::1 at 2019-01-14 10:26:05 +0000
Processing by SchoolClassesController#show as HTML
  Parameters: {"id"=>"1"}
  [1m[35mSchoolClass Load (0.1ms)[0m  SELECT  "school_classes".* FROM "school_classes" WHERE "school_classes"."id" = ? LIMIT 1  [["id", 1]]
  Rendered school_classes/show.html.erb within layouts/application (21.3ms)
Completed 500 Internal Server Error in 28ms (ActiveRecord: 0.1ms)

ActionView::Template::Error (undefined method `edit_school_class' for #<#<Class:0x007fe7d69c87e8>:0x007fe7dc11e6c8>
Did you mean?  edit_school_class_url
               edit_school_class_path):
    1: <h3><%= @school_class.title %></h3>
    2: <h4>Room Number: <%= @school_class.room_number %></h4>
    3: 
    4: <%= link_to "Edit", edit_school_class(@school_class)%>
    5: <%= link_to "Go back", school_classes_path %>
  app/views/school_classes/show.html.erb:4:in `_app_views_school_classes_show_html_erb___3554985128436307365_70316903164380'


  Rendered /Users/harryturner/.rvm/gems/ruby-2.3.3/gems/actionpack-4.2.11/lib/action_dispatch/middleware/templates/rescues/_source.erb (4.7ms)
  Rendered /Users/harryturner/.rvm/gems/ruby-2.3.3/gems/actionpack-4.2.11/lib/action_dispatch/middleware/templates/rescues/_trace.html.erb (2.1ms)
  Rendered /Users/harryturner/.rvm/gems/ruby-2.3.3/gems/actionpack-4.2.11/lib/action_dispatch/middleware/templates/rescues/_request_and_response.html.erb (0.8ms)
  Rendered /Users/harryturner/.rvm/gems/ruby-2.3.3/gems/actionpack-4.2.11/lib/action_dispatch/middleware/templates/rescues/template_error.html.erb within rescues/layout (70.2ms)


Started GET "/school_classes" for ::1 at 2019-01-14 10:26:10 +0000
Processing by SchoolClassesController#index as HTML
  [1m[36mSchoolClass Load (0.2ms)[0m  [1mSELECT "school_classes".* FROM "school_classes"[0m
  Rendered school_classes/index.html.erb within layouts/application (1.3ms)
Completed 200 OK in 17ms (Views: 16.1ms | ActiveRecord: 0.2ms)


Started GET "/school_classes/4" for ::1 at 2019-01-14 10:26:11 +0000
Processing by SchoolClassesController#show as HTML
  Parameters: {"id"=>"4"}
  [1m[35mSchoolClass Load (0.1ms)[0m  SELECT  "school_classes".* FROM "school_classes" WHERE "school_classes"."id" = ? LIMIT 1  [["id", 4]]
  Rendered school_classes/show.html.erb within layouts/application (20.8ms)
Completed 500 Internal Server Error in 26ms (ActiveRecord: 0.1ms)

ActionView::Template::Error (undefined method `edit_school_class' for #<#<Class:0x007fe7d69c87e8>:0x007fe7d3e9e2c0>
Did you mean?  edit_school_class_url
               edit_school_class_path):
    1: <h3><%= @school_class.title %></h3>
    2: <h4>Room Number: <%= @school_class.room_number %></h4>
    3: 
    4: <%= link_to "Edit", edit_school_class(@school_class)%>
    5: <%= link_to "Go back", school_classes_path %>
  app/views/school_classes/show.html.erb:4:in `_app_views_school_classes_show_html_erb___3554985128436307365_70316903164380'


  Rendered /Users/harryturner/.rvm/gems/ruby-2.3.3/gems/actionpack-4.2.11/lib/action_dispatch/middleware/templates/rescues/_source.erb (4.2ms)
  Rendered /Users/harryturner/.rvm/gems/ruby-2.3.3/gems/actionpack-4.2.11/lib/action_dispatch/middleware/templates/rescues/_trace.html.erb (1.7ms)
  Rendered /Users/harryturner/.rvm/gems/ruby-2.3.3/gems/actionpack-4.2.11/lib/action_dispatch/middleware/templates/rescues/_request_and_response.html.erb (0.7ms)
  Rendered /Users/harryturner/.rvm/gems/ruby-2.3.3/gems/actionpack-4.2.11/lib/action_dispatch/middleware/templates/rescues/template_error.html.erb within rescues/layout (71.0ms)


Started GET "/school_classes/4" for ::1 at 2019-01-14 10:26:34 +0000
Processing by SchoolClassesController#show as HTML
  Parameters: {"id"=>"4"}
  [1m[36mSchoolClass Load (0.1ms)[0m  [1mSELECT  "school_classes".* FROM "school_classes" WHERE "school_classes"."id" = ? LIMIT 1[0m  [["id", 4]]
  Rendered school_classes/show.html.erb within layouts/application (0.6ms)
Completed 200 OK in 13ms (Views: 12.3ms | ActiveRecord: 0.1ms)


Started GET "/school_classes/4" for ::1 at 2019-01-14 10:26:41 +0000
Processing by SchoolClassesController#show as HTML
  Parameters: {"id"=>"4"}
  [1m[35mSchoolClass Load (0.1ms)[0m  SELECT  "school_classes".* FROM "school_classes" WHERE "school_classes"."id" = ? LIMIT 1  [["id", 4]]
  Rendered school_classes/show.html.erb within layouts/application (0.6ms)
Completed 200 OK in 14ms (Views: 13.5ms | ActiveRecord: 0.1ms)


Started GET "/school_classes" for ::1 at 2019-01-14 10:26:42 +0000
Processing by SchoolClassesController#index as HTML
  [1m[36mSchoolClass Load (0.1ms)[0m  [1mSELECT "school_classes".* FROM "school_classes"[0m
  Rendered school_classes/index.html.erb within layouts/application (1.1ms)
Completed 200 OK in 16ms (Views: 15.5ms | ActiveRecord: 0.1ms)


Started GET "/school_classes/1" for ::1 at 2019-01-14 10:26:43 +0000
Processing by SchoolClassesController#show as HTML
  Parameters: {"id"=>"1"}
  [1m[35mSchoolClass Load (0.1ms)[0m  SELECT  "school_classes".* FROM "school_classes" WHERE "school_classes"."id" = ? LIMIT 1  [["id", 1]]
  Rendered school_classes/show.html.erb within layouts/application (0.2ms)
Completed 200 OK in 17ms (Views: 15.6ms | ActiveRecord: 0.1ms)


Started GET "/school_classes/1/edit" for ::1 at 2019-01-14 10:26:44 +0000
Processing by SchoolClassesController#edit as HTML
  Parameters: {"id"=>"1"}
  [1m[36mSchoolClass Load (0.1ms)[0m  [1mSELECT  "school_classes".* FROM "school_classes" WHERE "school_classes"."id" = ? LIMIT 1[0m  [["id", 1]]
  Rendered school_classes/edit.html.erb within layouts/application (26.0ms)
Completed 500 Internal Server Error in 33ms (ActiveRecord: 0.1ms)

ActionView::Template::Error (undefined method `field_text' for #<ActionView::Helpers::FormBuilder:0x007fe7d3e8ed98>
Did you mean?  field_helpers):
    2: 
    3: <%= form_for @school_class do |f| %>
    4:   <%= f.label 'Class Title' %><br>
    5:   <%= f.field_text :title %><br>
    6: 
    7:   <%= f.label 'Room Number' %><br>
    8:   <%= f.field_number :room_number %><br>
  app/views/school_classes/edit.html.erb:5:in `block in _app_views_school_classes_edit_html_erb__2881488445878157051_70316834729440'
  app/views/school_classes/edit.html.erb:3:in `_app_views_school_classes_edit_html_erb__2881488445878157051_70316834729440'


  Rendered /Users/harryturner/.rvm/gems/ruby-2.3.3/gems/actionpack-4.2.11/lib/action_dispatch/middleware/templates/rescues/_source.erb (4.0ms)
  Rendered /Users/harryturner/.rvm/gems/ruby-2.3.3/gems/actionpack-4.2.11/lib/action_dispatch/middleware/templates/rescues/_trace.html.erb (2.0ms)
  Rendered /Users/harryturner/.rvm/gems/ruby-2.3.3/gems/actionpack-4.2.11/lib/action_dispatch/middleware/templates/rescues/_request_and_response.html.erb (7.4ms)
  Rendered /Users/harryturner/.rvm/gems/ruby-2.3.3/gems/actionpack-4.2.11/lib/action_dispatch/middleware/templates/rescues/template_error.html.erb within rescues/layout (78.0ms)


Started GET "/school_classes" for ::1 at 2019-01-14 10:26:48 +0000
Processing by SchoolClassesController#index as HTML
  [1m[35mSchoolClass Load (0.2ms)[0m  SELECT "school_classes".* FROM "school_classes"
  Rendered school_classes/index.html.erb within layouts/application (1.4ms)
Completed 200 OK in 14ms (Views: 13.6ms | ActiveRecord: 0.2ms)


Started GET "/school_classes" for ::1 at 2019-01-14 10:26:50 +0000
Processing by SchoolClassesController#index as HTML
  [1m[36mSchoolClass Load (0.2ms)[0m  [1mSELECT "school_classes".* FROM "school_classes"[0m
  Rendered school_classes/index.html.erb within layouts/application (1.1ms)
Completed 200 OK in 14ms (Views: 13.8ms | ActiveRecord: 0.1ms)


Started GET "/school_classes/4" for ::1 at 2019-01-14 10:26:51 +0000
Processing by SchoolClassesController#show as HTML
  Parameters: {"id"=>"4"}
  [1m[35mSchoolClass Load (0.1ms)[0m  SELECT  "school_classes".* FROM "school_classes" WHERE "school_classes"."id" = ? LIMIT 1  [["id", 4]]
  Rendered school_classes/show.html.erb within layouts/application (0.2ms)
Completed 200 OK in 15ms (Views: 14.1ms | ActiveRecord: 0.1ms)


Started GET "/school_classes/4/edit" for ::1 at 2019-01-14 10:26:51 +0000
Processing by SchoolClassesController#edit as HTML
  Parameters: {"id"=>"4"}
  [1m[36mSchoolClass Load (0.1ms)[0m  [1mSELECT  "school_classes".* FROM "school_classes" WHERE "school_classes"."id" = ? LIMIT 1[0m  [["id", 4]]
  Rendered school_classes/edit.html.erb within layouts/application (12.6ms)
Completed 500 Internal Server Error in 19ms (ActiveRecord: 0.1ms)

ActionView::Template::Error (undefined method `field_text' for #<ActionView::Helpers::FormBuilder:0x007fe7d3e04dc8>
Did you mean?  field_helpers):
    2: 
    3: <%= form_for @school_class do |f| %>
    4:   <%= f.label 'Class Title' %><br>
    5:   <%= f.field_text :title %><br>
    6: 
    7:   <%= f.label 'Room Number' %><br>
    8:   <%= f.field_number :room_number %><br>
  app/views/school_classes/edit.html.erb:5:in `block in _app_views_school_classes_edit_html_erb__2881488445878157051_70316834729440'
  app/views/school_classes/edit.html.erb:3:in `_app_views_school_classes_edit_html_erb__2881488445878157051_70316834729440'


  Rendered /Users/harryturner/.rvm/gems/ruby-2.3.3/gems/actionpack-4.2.11/lib/action_dispatch/middleware/templates/rescues/_source.erb (4.2ms)
  Rendered /Users/harryturner/.rvm/gems/ruby-2.3.3/gems/actionpack-4.2.11/lib/action_dispatch/middleware/templates/rescues/_trace.html.erb (2.0ms)
  Rendered /Users/harryturner/.rvm/gems/ruby-2.3.3/gems/actionpack-4.2.11/lib/action_dispatch/middleware/templates/rescues/_request_and_response.html.erb (0.7ms)
  Rendered /Users/harryturner/.rvm/gems/ruby-2.3.3/gems/actionpack-4.2.11/lib/action_dispatch/middleware/templates/rescues/template_error.html.erb within rescues/layout (70.6ms)


Started GET "/school_classes/4/edit" for ::1 at 2019-01-14 10:27:22 +0000
Processing by SchoolClassesController#edit as HTML
  Parameters: {"id"=>"4"}
  [1m[35mSchoolClass Load (0.1ms)[0m  SELECT  "school_classes".* FROM "school_classes" WHERE "school_classes"."id" = ? LIMIT 1  [["id", 4]]
  Rendered school_classes/edit.html.erb within layouts/application (12.2ms)
Completed 500 Internal Server Error in 18ms (ActiveRecord: 0.1ms)

ActionView::Template::Error (undefined method `field_text' for #<ActionView::Helpers::FormBuilder:0x007fe7dc206720>
Did you mean?  field_helpers):
    2: 
    3: <%= form_for @school_class do |f| %>
    4:   <%= f.label 'Class Title' %><br>
    5:   <%= f.field_text :title %><br>
    6: 
    7:   <%= f.label 'Room Number' %><br>
    8:   <%= f.field_number :room_number %><br>
  app/views/school_classes/edit.html.erb:5:in `block in _app_views_school_classes_edit_html_erb__2881488445878157051_70316834729440'
  app/views/school_classes/edit.html.erb:3:in `_app_views_school_classes_edit_html_erb__2881488445878157051_70316834729440'


  Rendered /Users/harryturner/.rvm/gems/ruby-2.3.3/gems/actionpack-4.2.11/lib/action_dispatch/middleware/templates/rescues/_source.erb (6.1ms)
  Rendered /Users/harryturner/.rvm/gems/ruby-2.3.3/gems/actionpack-4.2.11/lib/action_dispatch/middleware/templates/rescues/_trace.html.erb (2.3ms)
  Rendered /Users/harryturner/.rvm/gems/ruby-2.3.3/gems/actionpack-4.2.11/lib/action_dispatch/middleware/templates/rescues/_request_and_response.html.erb (0.8ms)
  Rendered /Users/harryturner/.rvm/gems/ruby-2.3.3/gems/actionpack-4.2.11/lib/action_dispatch/middleware/templates/rescues/template_error.html.erb within rescues/layout (86.7ms)


Started GET "/school_classes/4/edit" for ::1 at 2019-01-14 10:28:31 +0000
Processing by SchoolClassesController#edit as HTML
  Parameters: {"id"=>"4"}
  [1m[36mSchoolClass Load (0.1ms)[0m  [1mSELECT  "school_classes".* FROM "school_classes" WHERE "school_classes"."id" = ? LIMIT 1[0m  [["id", 4]]
  Rendered school_classes/edit.html.erb within layouts/application (7.3ms)
Completed 200 OK in 22ms (Views: 21.4ms | ActiveRecord: 0.1ms)


Started PATCH "/school_classes/4" for ::1 at 2019-01-14 10:28:39 +0000
Processing by SchoolClassesController#update as HTML
  Parameters: {"utf8"=>"✓", "authenticity_token"=>"hsJSmupr7Qpr1Dmv+vt0UWaHJoo+p5TFfex45c582isdwcN5SORyfOC4XMw9oDipJKfRzHlROII/FwzEtqj23g==", "school_class"=>{"title"=>"French", "room_number"=>"6"}, "commit"=>"Submit Class", "id"=>"4"}
  [1m[35mSchoolClass Load (0.1ms)[0m  SELECT  "school_classes".* FROM "school_classes" WHERE "school_classes"."id" = ? LIMIT 1  [["id", 4]]
  [1m[36m (0.0ms)[0m  [1mbegin transaction[0m
  [1m[35mSQL (0.3ms)[0m  UPDATE "school_classes" SET "room_number" = ?, "updated_at" = ? WHERE "school_classes"."id" = ?  [["room_number", 6], ["updated_at", "2019-01-14 10:28:39.283573"], ["id", 4]]
  [1m[36m (0.7ms)[0m  [1mcommit transaction[0m
Redirected to http://localhost:3000/school_classes
Completed 302 Found in 4ms (ActiveRecord: 1.2ms)


Started GET "/school_classes" for ::1 at 2019-01-14 10:28:39 +0000
Processing by SchoolClassesController#index as HTML
  [1m[35mSchoolClass Load (0.1ms)[0m  SELECT "school_classes".* FROM "school_classes"
  Rendered school_classes/index.html.erb within layouts/application (0.9ms)
Completed 200 OK in 13ms (Views: 12.7ms | ActiveRecord: 0.1ms)


Started GET "/school_classes/4" for ::1 at 2019-01-14 10:28:40 +0000
Processing by SchoolClassesController#show as HTML
  Parameters: {"id"=>"4"}
  [1m[36mSchoolClass Load (0.1ms)[0m  [1mSELECT  "school_classes".* FROM "school_classes" WHERE "school_classes"."id" = ? LIMIT 1[0m  [["id", 4]]
  Rendered school_classes/show.html.erb within layouts/application (0.3ms)
Completed 200 OK in 15ms (Views: 14.3ms | ActiveRecord: 0.1ms)


Started GET "/school_classes" for ::1 at 2019-01-14 10:28:42 +0000
Processing by SchoolClassesController#index as HTML
  [1m[35mSchoolClass Load (0.1ms)[0m  SELECT "school_classes".* FROM "school_classes"
  Rendered school_classes/index.html.erb within layouts/application (0.9ms)
Completed 200 OK in 17ms (Views: 16.4ms | ActiveRecord: 0.1ms)


Started GET "/school_classes/2" for ::1 at 2019-01-14 10:28:42 +0000
Processing by SchoolClassesController#show as HTML
  Parameters: {"id"=>"2"}
  [1m[36mSchoolClass Load (0.1ms)[0m  [1mSELECT  "school_classes".* FROM "school_classes" WHERE "school_classes"."id" = ? LIMIT 1[0m  [["id", 2]]
  Rendered school_classes/show.html.erb within layouts/application (0.2ms)
Completed 200 OK in 15ms (Views: 14.4ms | ActiveRecord: 0.1ms)


Started GET "/school_classes/2/edit" for ::1 at 2019-01-14 10:28:43 +0000
Processing by SchoolClassesController#edit as HTML
  Parameters: {"id"=>"2"}
  [1m[35mSchoolClass Load (0.1ms)[0m  SELECT  "school_classes".* FROM "school_classes" WHERE "school_classes"."id" = ? LIMIT 1  [["id", 2]]
  Rendered school_classes/edit.html.erb within layouts/application (1.4ms)
Completed 200 OK in 20ms (Views: 18.8ms | ActiveRecord: 0.1ms)


Started PATCH "/school_classes/2" for ::1 at 2019-01-14 10:28:47 +0000
Processing by SchoolClassesController#update as HTML
  Parameters: {"utf8"=>"✓", "authenticity_token"=>"2FViEnWi2qPQtah6xFx+xQqIhrKvw2oVIaycadjkfJ9DVvPx1y1F1VvZzRkDBzI9SKhx9Og1xlJjV+hIoDBQag==", "school_class"=>{"title"=>"Maths", "room_number"=>"2"}, "commit"=>"Submit Class", "id"=>"2"}
  [1m[36mSchoolClass Load (0.2ms)[0m  [1mSELECT  "school_classes".* FROM "school_classes" WHERE "school_classes"."id" = ? LIMIT 1[0m  [["id", 2]]
  [1m[35m (0.1ms)[0m  begin transaction
  [1m[36mSQL (0.3ms)[0m  [1mUPDATE "school_classes" SET "title" = ?, "room_number" = ?, "updated_at" = ? WHERE "school_classes"."id" = ?[0m  [["title", "Maths"], ["room_number", 2], ["updated_at", "2019-01-14 10:28:47.772048"], ["id", 2]]
  [1m[35m (0.8ms)[0m  commit transaction
Redirected to http://localhost:3000/school_classes
Completed 302 Found in 4ms (ActiveRecord: 1.3ms)


Started GET "/school_classes" for ::1 at 2019-01-14 10:28:47 +0000
Processing by SchoolClassesController#index as HTML
  [1m[36mSchoolClass Load (0.2ms)[0m  [1mSELECT "school_classes".* FROM "school_classes"[0m
  Rendered school_classes/index.html.erb within layouts/application (1.1ms)
Completed 200 OK in 14ms (Views: 13.2ms | ActiveRecord: 0.2ms)


Started GET "/school_classes/1" for ::1 at 2019-01-14 10:28:48 +0000
Processing by SchoolClassesController#show as HTML
  Parameters: {"id"=>"1"}
  [1m[35mSchoolClass Load (0.1ms)[0m  SELECT  "school_classes".* FROM "school_classes" WHERE "school_classes"."id" = ? LIMIT 1  [["id", 1]]
  Rendered school_classes/show.html.erb within layouts/application (0.2ms)
Completed 200 OK in 14ms (Views: 13.4ms | ActiveRecord: 0.1ms)


Started GET "/school_classes/1/edit" for ::1 at 2019-01-14 10:28:49 +0000
Processing by SchoolClassesController#edit as HTML
  Parameters: {"id"=>"1"}
  [1m[36mSchoolClass Load (0.1ms)[0m  [1mSELECT  "school_classes".* FROM "school_classes" WHERE "school_classes"."id" = ? LIMIT 1[0m  [["id", 1]]
  Rendered school_classes/edit.html.erb within layouts/application (1.2ms)
Completed 200 OK in 16ms (Views: 15.2ms | ActiveRecord: 0.1ms)


Started PATCH "/school_classes/1" for ::1 at 2019-01-14 10:28:55 +0000
Processing by SchoolClassesController#update as HTML
  Parameters: {"utf8"=>"✓", "authenticity_token"=>"5n1iYc85IHPSTBDswPivy1ITVYloc1ErvgUdxc74hQl9fvOCbba/BVkgdY8Ho+MzEDOizy+F/Wz8/mnktiyp/A==", "school_class"=>{"title"=>"Biology", "room_number"=>"30"}, "commit"=>"Submit Class", "id"=>"1"}
  [1m[35mSchoolClass Load (0.1ms)[0m  SELECT  "school_classes".* FROM "school_classes" WHERE "school_classes"."id" = ? LIMIT 1  [["id", 1]]
  [1m[36m (0.1ms)[0m  [1mbegin transaction[0m
  [1m[35mSQL (0.4ms)[0m  UPDATE "school_classes" SET "title" = ?, "room_number" = ?, "updated_at" = ? WHERE "school_classes"."id" = ?  [["title", "Biology"], ["room_number", 30], ["updated_at", "2019-01-14 10:28:55.757859"], ["id", 1]]
  [1m[36m (0.7ms)[0m  [1mcommit transaction[0m
Redirected to http://localhost:3000/school_classes
Completed 302 Found in 4ms (ActiveRecord: 1.2ms)


Started GET "/school_classes" for ::1 at 2019-01-14 10:28:55 +0000
Processing by SchoolClassesController#index as HTML
  [1m[35mSchoolClass Load (0.1ms)[0m  SELECT "school_classes".* FROM "school_classes"
  Rendered school_classes/index.html.erb within layouts/application (1.0ms)
Completed 200 OK in 14ms (Views: 13.6ms | ActiveRecord: 0.1ms)


Started GET "/school_classes/3" for ::1 at 2019-01-14 10:28:56 +0000
Processing by SchoolClassesController#show as HTML
  Parameters: {"id"=>"3"}
  [1m[36mSchoolClass Load (0.1ms)[0m  [1mSELECT  "school_classes".* FROM "school_classes" WHERE "school_classes"."id" = ? LIMIT 1[0m  [["id", 3]]
  Rendered school_classes/show.html.erb within layouts/application (0.3ms)
Completed 200 OK in 16ms (Views: 14.7ms | ActiveRecord: 0.1ms)


Started GET "/school_classes/3/edit" for ::1 at 2019-01-14 10:28:57 +0000
Processing by SchoolClassesController#edit as HTML
  Parameters: {"id"=>"3"}
  [1m[35mSchoolClass Load (0.1ms)[0m  SELECT  "school_classes".* FROM "school_classes" WHERE "school_classes"."id" = ? LIMIT 1  [["id", 3]]
  Rendered school_classes/edit.html.erb within layouts/application (1.2ms)
Completed 200 OK in 18ms (Views: 16.8ms | ActiveRecord: 0.1ms)


Started PATCH "/school_classes/3" for ::1 at 2019-01-14 10:29:05 +0000
Processing by SchoolClassesController#update as HTML
  Parameters: {"utf8"=>"✓", "authenticity_token"=>"dsSQJZ4hKHIz7nsLzFSgCKW9U+r6q+rV/KUNBAdemZLtxwHGPK63BLiCHmgLD+zw552krL1dRpK+Xnklf4q1Zw==", "school_class"=>{"title"=>"Mandarin", "room_number"=>"3"}, "commit"=>"Submit Class", "id"=>"3"}
  [1m[36mSchoolClass Load (0.1ms)[0m  [1mSELECT  "school_classes".* FROM "school_classes" WHERE "school_classes"."id" = ? LIMIT 1[0m  [["id", 3]]
  [1m[35m (0.1ms)[0m  begin transaction
  [1m[36mSQL (0.3ms)[0m  [1mUPDATE "school_classes" SET "title" = ?, "room_number" = ?, "updated_at" = ? WHERE "school_classes"."id" = ?[0m  [["title", "Mandarin"], ["room_number", 3], ["updated_at", "2019-01-14 10:29:05.701519"], ["id", 3]]
  [1m[35m (0.7ms)[0m  commit transaction
Redirected to http://localhost:3000/school_classes
Completed 302 Found in 4ms (ActiveRecord: 1.2ms)


Started GET "/school_classes" for ::1 at 2019-01-14 10:29:05 +0000
Processing by SchoolClassesController#index as HTML
  [1m[36mSchoolClass Load (0.2ms)[0m  [1mSELECT "school_classes".* FROM "school_classes"[0m
  Rendered school_classes/index.html.erb within layouts/application (1.2ms)
Completed 200 OK in 16ms (Views: 15.2ms | ActiveRecord: 0.2ms)
